  Info.cpp
c:\users\paul white\source\repos\connecting\compiled_labwork\info.cpp(205): warning C4267: инициализация: преобразование из "size_t" в "int"; возможна потеря данных
c:\users\paul white\source\repos\connecting\compiled_labwork\stacktemplate.h(75): error C2440: инициализация: невозможно преобразовать "initializer list" в "Stack<Info::Student>::Node"
  c:\users\paul white\source\repos\connecting\compiled_labwork\stacktemplate.h(75): note: Недопустимая агрегатная инициализация
  c:\users\paul white\source\repos\connecting\compiled_labwork\stacktemplate.h(84): note: выполняется компиляция ссылки на экземпляр шаблон функции "void Stack<Info::Student>::push_<Info::Student>(T1 &&)"
          with
          [
              T1=Info::Student
          ]
  c:\users\paul white\source\repos\connecting\compiled_labwork\stacktemplate.h(84): note: выполняется компиляция ссылки на экземпляр шаблон функции "void Stack<Info::Student>::push_<Info::Student>(T1 &&)"
          with
          [
              T1=Info::Student
          ]
  c:\users\paul white\source\repos\connecting\compiled_labwork\stacktemplate.h(83): note: при компиляции функции-члена "<Нет данных>" класса класс <Нет данных>
  c:\users\paul white\source\repos\connecting\compiled_labwork\info.cpp(8): note: выполняется компиляция ссылки на экземпляр шаблон функции "void Stack<Info::Student>::push(T &&)"
          with
          [
              T=Info::Student
          ]
  c:\users\paul white\source\repos\connecting\compiled_labwork\info.h(90): note: выполняется компиляция ссылки на экземпляр шаблон класс "Stack<Info::Student>"
  main.cpp
  Создание кода...
